Compiling the CXX compiler identification source file "CMakeCXXCompilerId.cpp" failed.
Compiler: /usr/local/corex/bin/clang++ 
Build flags: 
Id flags: 

The output was:
1
/usr/bin/ld: cannot find -lstdc++
clang-16: error: linker command failed with exit code 1 (use -v to see invocation)


Determining if the CXX compiler works failed with the following output:
Change Dir: /root/k8s-vgpu-scheduler/HAMi/build/CMakeFiles/CMakeTmp

Run Build Command:/usr/bin/gmake "cmTryCompileExec843200578/fast"
/usr/bin/gmake -f CMakeFiles/cmTryCompileExec843200578.dir/build.make CMakeFiles/cmTryCompileExec843200578.dir/build
gmake[1]: Entering directory `/root/k8s-vgpu-scheduler/HAMi/build/CMakeFiles/CMakeTmp'
/usr/bin/cmake -E cmake_progress_report /root/k8s-vgpu-scheduler/HAMi/build/CMakeFiles/CMakeTmp/CMakeFiles 1
Building CXX object CMakeFiles/cmTryCompileExec843200578.dir/testCXXCompiler.cxx.o
/usr/local/corex/bin/clang++     -o CMakeFiles/cmTryCompileExec843200578.dir/testCXXCompiler.cxx.o -c /root/k8s-vgpu-scheduler/HAMi/build/CMakeFiles/CMakeTmp/testCXXCompiler.cxx
Linking CXX executable cmTryCompileExec843200578
/usr/bin/cmake -E cmake_link_script CMakeFiles/cmTryCompileExec843200578.dir/link.txt --verbose=1
/usr/local/corex/bin/clang++        CMakeFiles/cmTryCompileExec843200578.dir/testCXXCompiler.cxx.o  -o cmTryCompileExec843200578 -rdynamic 
/usr/bin/ld: cannot find -lstdc++
clang-16: error: linker command failed with exit code 1 (use -v to see invocation)
gmake[1]: *** [cmTryCompileExec843200578] Error 1
gmake[1]: Leaving directory `/root/k8s-vgpu-scheduler/HAMi/build/CMakeFiles/CMakeTmp'
gmake: *** [cmTryCompileExec843200578/fast] Error 2


